ERROR	2022-07-06 13:44:55,381	0	org.hyperledger.fabric.gateway.impl.TransactionImpl	[main]	No valid proposal responses received. 2 peer error responses: Asset asset70 does not exist; Asset asset70 does not exist
ERROR	2022-07-07 22:47:43,774	0	org.hyperledger.fabric.sdk.Channel	[main]	Channel Channel{id: 1, name: mychannel} Sending proposal with transaction: 6a00966a722c3d30671962e53a8498ef4db2272e69eddc14f865eb0d2b7e685b to Peer{ id: 2, name: peer0.org1.example.com, channelName: mychannel, url: grpcs://localhost:7051, mspid: Org1MSP} failed because of: gRPC failure=Status{code=UNKNOWN, description=error validating proposal: access denied: channel [mychannel] creator org unknown, creator is malformed, cause=null}
java.lang.Exception: io.grpc.StatusRuntimeException: UNKNOWN: error validating proposal: access denied: channel [mychannel] creator org unknown, creator is malformed
	at org.hyperledger.fabric.sdk.Channel.sendProposalToPeers(Channel.java:4965)
	at org.hyperledger.fabric.sdk.Channel.sendProposalToPeers(Channel.java:4868)
	at org.hyperledger.fabric.sdk.Channel.getConfigBlock(Channel.java:941)
	at org.hyperledger.fabric.sdk.Channel.getConfigBlock(Channel.java:907)
	at org.hyperledger.fabric.sdk.Channel.parseConfigBlock(Channel.java:1994)
	at org.hyperledger.fabric.sdk.Channel.loadCACertificates(Channel.java:1831)
	at org.hyperledger.fabric.sdk.Channel.initialize(Channel.java:1222)
	at org.hyperledger.fabric.gateway.impl.NetworkImpl.initializeChannel(NetworkImpl.java:59)
	at org.hyperledger.fabric.gateway.impl.NetworkImpl.<init>(NetworkImpl.java:50)
	at org.hyperledger.fabric.gateway.impl.GatewayImpl.getNetwork(GatewayImpl.java:252)
	at application.java.App.main(App.java:53)
Caused by: io.grpc.StatusRuntimeException: UNKNOWN: error validating proposal: access denied: channel [mychannel] creator org unknown, creator is malformed
	at io.grpc.Status.asRuntimeException(Status.java:533)
	at io.grpc.stub.ClientCalls$UnaryStreamToFuture.onClose(ClientCalls.java:490)
	at io.grpc.PartialForwardingClientCallListener.onClose(PartialForwardingClientCallListener.java:39)
	at io.grpc.ForwardingClientCallListener.onClose(ForwardingClientCallListener.java:23)
	at io.grpc.ForwardingClientCallListener$SimpleForwardingClientCallListener.onClose(ForwardingClientCallListener.java:40)
	at io.grpc.internal.CensusStatsModule$StatsClientInterceptor$1$1.onClose(CensusStatsModule.java:700)
	at io.grpc.PartialForwardingClientCallListener.onClose(PartialForwardingClientCallListener.java:39)
	at io.grpc.ForwardingClientCallListener.onClose(ForwardingClientCallListener.java:23)
	at io.grpc.ForwardingClientCallListener$SimpleForwardingClientCallListener.onClose(ForwardingClientCallListener.java:40)
	at io.grpc.internal.CensusTracingModule$TracingClientInterceptor$1$1.onClose(CensusTracingModule.java:399)
	at io.grpc.internal.ClientCallImpl.closeObserver(ClientCallImpl.java:510)
	at io.grpc.internal.ClientCallImpl.access$300(ClientCallImpl.java:66)
	at io.grpc.internal.ClientCallImpl$ClientStreamListenerImpl.close(ClientCallImpl.java:630)
	at io.grpc.internal.ClientCallImpl$ClientStreamListenerImpl.access$700(ClientCallImpl.java:518)
	at io.grpc.internal.ClientCallImpl$ClientStreamListenerImpl$1StreamClosed.runInternal(ClientCallImpl.java:692)
	at io.grpc.internal.ClientCallImpl$ClientStreamListenerImpl$1StreamClosed.runInContext(ClientCallImpl.java:681)
	at io.grpc.internal.ContextRunnable.run(ContextRunnable.java:37)
	at io.grpc.internal.SerializingExecutor.run(SerializingExecutor.java:123)
	at java.util.concurrent.ThreadPoolExecutor.runWorker(ThreadPoolExecutor.java:1149)
	at java.util.concurrent.ThreadPoolExecutor$Worker.run(ThreadPoolExecutor.java:624)
	at java.lang.Thread.run(Thread.java:750)
ERROR	2022-07-07 22:47:43,777	3	org.hyperledger.fabric.sdk.Channel	[main]	getConfigBlock for channel mychannel failed with peer peer0.org1.example.com.  Status FAILURE, details: Channel Channel{id: 1, name: mychannel} Sending proposal with transaction: 6a00966a722c3d30671962e53a8498ef4db2272e69eddc14f865eb0d2b7e685b to Peer{ id: 2, name: peer0.org1.example.com, channelName: mychannel, url: grpcs://localhost:7051, mspid: Org1MSP} failed because of: gRPC failure=Status{code=UNKNOWN, description=error validating proposal: access denied: channel [mychannel] creator org unknown, creator is malformed, cause=null}
org.hyperledger.fabric.sdk.exception.ProposalException: getConfigBlock for channel mychannel failed with peer peer0.org1.example.com.  Status FAILURE, details: Channel Channel{id: 1, name: mychannel} Sending proposal with transaction: 6a00966a722c3d30671962e53a8498ef4db2272e69eddc14f865eb0d2b7e685b to Peer{ id: 2, name: peer0.org1.example.com, channelName: mychannel, url: grpcs://localhost:7051, mspid: Org1MSP} failed because of: gRPC failure=Status{code=UNKNOWN, description=error validating proposal: access denied: channel [mychannel] creator org unknown, creator is malformed, cause=null}
	at org.hyperledger.fabric.sdk.Channel.getConfigBlock(Channel.java:952)
	at org.hyperledger.fabric.sdk.Channel.getConfigBlock(Channel.java:907)
	at org.hyperledger.fabric.sdk.Channel.parseConfigBlock(Channel.java:1994)
	at org.hyperledger.fabric.sdk.Channel.loadCACertificates(Channel.java:1831)
	at org.hyperledger.fabric.sdk.Channel.initialize(Channel.java:1222)
	at org.hyperledger.fabric.gateway.impl.NetworkImpl.initializeChannel(NetworkImpl.java:59)
	at org.hyperledger.fabric.gateway.impl.NetworkImpl.<init>(NetworkImpl.java:50)
	at org.hyperledger.fabric.gateway.impl.GatewayImpl.getNetwork(GatewayImpl.java:252)
	at application.java.App.main(App.java:53)
ERROR	2022-07-07 22:47:43,965	191	org.hyperledger.fabric.sdk.ServiceDiscovery	[main]	Error access denied
ERROR	2022-07-07 22:48:03,878	0	org.hyperledger.fabric.sdk.Channel	[main]	Channel Channel{id: 1, name: mychannel} Sending proposal with transaction: 37a4ee54cc4c67dd8a964d1e209b272252a76f99b906111c602e20bb9069adfb to Peer{ id: 2, name: peer0.org1.example.com, channelName: mychannel, url: grpcs://localhost:7051, mspid: Org1MSP} failed because of: gRPC failure=Status{code=UNKNOWN, description=error validating proposal: access denied: channel [mychannel] creator org unknown, creator is malformed, cause=null}
java.lang.Exception: io.grpc.StatusRuntimeException: UNKNOWN: error validating proposal: access denied: channel [mychannel] creator org unknown, creator is malformed
	at org.hyperledger.fabric.sdk.Channel.sendProposalToPeers(Channel.java:4965)
	at org.hyperledger.fabric.sdk.Channel.sendProposalToPeers(Channel.java:4868)
	at org.hyperledger.fabric.sdk.Channel.getConfigBlock(Channel.java:941)
	at org.hyperledger.fabric.sdk.Channel.getConfigBlock(Channel.java:907)
	at org.hyperledger.fabric.sdk.Channel.parseConfigBlock(Channel.java:1994)
	at org.hyperledger.fabric.sdk.Channel.loadCACertificates(Channel.java:1831)
	at org.hyperledger.fabric.sdk.Channel.initialize(Channel.java:1222)
	at org.hyperledger.fabric.gateway.impl.NetworkImpl.initializeChannel(NetworkImpl.java:59)
	at org.hyperledger.fabric.gateway.impl.NetworkImpl.<init>(NetworkImpl.java:50)
	at org.hyperledger.fabric.gateway.impl.GatewayImpl.getNetwork(GatewayImpl.java:252)
	at application.java.App.main(App.java:53)
Caused by: io.grpc.StatusRuntimeException: UNKNOWN: error validating proposal: access denied: channel [mychannel] creator org unknown, creator is malformed
	at io.grpc.Status.asRuntimeException(Status.java:533)
	at io.grpc.stub.ClientCalls$UnaryStreamToFuture.onClose(ClientCalls.java:490)
	at io.grpc.PartialForwardingClientCallListener.onClose(PartialForwardingClientCallListener.java:39)
	at io.grpc.ForwardingClientCallListener.onClose(ForwardingClientCallListener.java:23)
	at io.grpc.ForwardingClientCallListener$SimpleForwardingClientCallListener.onClose(ForwardingClientCallListener.java:40)
	at io.grpc.internal.CensusStatsModule$StatsClientInterceptor$1$1.onClose(CensusStatsModule.java:700)
	at io.grpc.PartialForwardingClientCallListener.onClose(PartialForwardingClientCallListener.java:39)
	at io.grpc.ForwardingClientCallListener.onClose(ForwardingClientCallListener.java:23)
	at io.grpc.ForwardingClientCallListener$SimpleForwardingClientCallListener.onClose(ForwardingClientCallListener.java:40)
	at io.grpc.internal.CensusTracingModule$TracingClientInterceptor$1$1.onClose(CensusTracingModule.java:399)
	at io.grpc.internal.ClientCallImpl.closeObserver(ClientCallImpl.java:510)
	at io.grpc.internal.ClientCallImpl.access$300(ClientCallImpl.java:66)
	at io.grpc.internal.ClientCallImpl$ClientStreamListenerImpl.close(ClientCallImpl.java:630)
	at io.grpc.internal.ClientCallImpl$ClientStreamListenerImpl.access$700(ClientCallImpl.java:518)
	at io.grpc.internal.ClientCallImpl$ClientStreamListenerImpl$1StreamClosed.runInternal(ClientCallImpl.java:692)
	at io.grpc.internal.ClientCallImpl$ClientStreamListenerImpl$1StreamClosed.runInContext(ClientCallImpl.java:681)
	at io.grpc.internal.ContextRunnable.run(ContextRunnable.java:37)
	at io.grpc.internal.SerializingExecutor.run(SerializingExecutor.java:123)
	at java.util.concurrent.ThreadPoolExecutor.runWorker(ThreadPoolExecutor.java:1149)
	at java.util.concurrent.ThreadPoolExecutor$Worker.run(ThreadPoolExecutor.java:624)
	at java.lang.Thread.run(Thread.java:750)
ERROR	2022-07-07 22:48:03,881	3	org.hyperledger.fabric.sdk.Channel	[main]	getConfigBlock for channel mychannel failed with peer peer0.org1.example.com.  Status FAILURE, details: Channel Channel{id: 1, name: mychannel} Sending proposal with transaction: 37a4ee54cc4c67dd8a964d1e209b272252a76f99b906111c602e20bb9069adfb to Peer{ id: 2, name: peer0.org1.example.com, channelName: mychannel, url: grpcs://localhost:7051, mspid: Org1MSP} failed because of: gRPC failure=Status{code=UNKNOWN, description=error validating proposal: access denied: channel [mychannel] creator org unknown, creator is malformed, cause=null}
org.hyperledger.fabric.sdk.exception.ProposalException: getConfigBlock for channel mychannel failed with peer peer0.org1.example.com.  Status FAILURE, details: Channel Channel{id: 1, name: mychannel} Sending proposal with transaction: 37a4ee54cc4c67dd8a964d1e209b272252a76f99b906111c602e20bb9069adfb to Peer{ id: 2, name: peer0.org1.example.com, channelName: mychannel, url: grpcs://localhost:7051, mspid: Org1MSP} failed because of: gRPC failure=Status{code=UNKNOWN, description=error validating proposal: access denied: channel [mychannel] creator org unknown, creator is malformed, cause=null}
	at org.hyperledger.fabric.sdk.Channel.getConfigBlock(Channel.java:952)
	at org.hyperledger.fabric.sdk.Channel.getConfigBlock(Channel.java:907)
	at org.hyperledger.fabric.sdk.Channel.parseConfigBlock(Channel.java:1994)
	at org.hyperledger.fabric.sdk.Channel.loadCACertificates(Channel.java:1831)
	at org.hyperledger.fabric.sdk.Channel.initialize(Channel.java:1222)
	at org.hyperledger.fabric.gateway.impl.NetworkImpl.initializeChannel(NetworkImpl.java:59)
	at org.hyperledger.fabric.gateway.impl.NetworkImpl.<init>(NetworkImpl.java:50)
	at org.hyperledger.fabric.gateway.impl.GatewayImpl.getNetwork(GatewayImpl.java:252)
	at application.java.App.main(App.java:53)
ERROR	2022-07-07 22:48:04,047	169	org.hyperledger.fabric.sdk.ServiceDiscovery	[main]	Error access denied
ERROR	2022-07-07 22:50:32,099	1	org.hyperledger.fabric.sdk.Channel	[main]	Channel Channel{id: 1, name: mychannel} Sending proposal with transaction: a0ac456ef7b78f55ec55b9ad1cff32b86b06bf0a9cd7dbf9a24b340e29050c2a to Peer{ id: 2, name: peer0.org1.example.com, channelName: mychannel, url: grpcs://localhost:7051, mspid: Org1MSP} failed because of: gRPC failure=Status{code=UNKNOWN, description=error validating proposal: access denied: channel [mychannel] creator org unknown, creator is malformed, cause=null}
java.lang.Exception: io.grpc.StatusRuntimeException: UNKNOWN: error validating proposal: access denied: channel [mychannel] creator org unknown, creator is malformed
	at org.hyperledger.fabric.sdk.Channel.sendProposalToPeers(Channel.java:4965)
	at org.hyperledger.fabric.sdk.Channel.sendProposalToPeers(Channel.java:4868)
	at org.hyperledger.fabric.sdk.Channel.getConfigBlock(Channel.java:941)
	at org.hyperledger.fabric.sdk.Channel.getConfigBlock(Channel.java:907)
	at org.hyperledger.fabric.sdk.Channel.parseConfigBlock(Channel.java:1994)
	at org.hyperledger.fabric.sdk.Channel.loadCACertificates(Channel.java:1831)
	at org.hyperledger.fabric.sdk.Channel.initialize(Channel.java:1222)
	at org.hyperledger.fabric.gateway.impl.NetworkImpl.initializeChannel(NetworkImpl.java:59)
	at org.hyperledger.fabric.gateway.impl.NetworkImpl.<init>(NetworkImpl.java:50)
	at org.hyperledger.fabric.gateway.impl.GatewayImpl.getNetwork(GatewayImpl.java:252)
	at application.java.App.main(App.java:53)
Caused by: io.grpc.StatusRuntimeException: UNKNOWN: error validating proposal: access denied: channel [mychannel] creator org unknown, creator is malformed
	at io.grpc.Status.asRuntimeException(Status.java:533)
	at io.grpc.stub.ClientCalls$UnaryStreamToFuture.onClose(ClientCalls.java:490)
	at io.grpc.PartialForwardingClientCallListener.onClose(PartialForwardingClientCallListener.java:39)
	at io.grpc.ForwardingClientCallListener.onClose(ForwardingClientCallListener.java:23)
	at io.grpc.ForwardingClientCallListener$SimpleForwardingClientCallListener.onClose(ForwardingClientCallListener.java:40)
	at io.grpc.internal.CensusStatsModule$StatsClientInterceptor$1$1.onClose(CensusStatsModule.java:700)
	at io.grpc.PartialForwardingClientCallListener.onClose(PartialForwardingClientCallListener.java:39)
	at io.grpc.ForwardingClientCallListener.onClose(ForwardingClientCallListener.java:23)
	at io.grpc.ForwardingClientCallListener$SimpleForwardingClientCallListener.onClose(ForwardingClientCallListener.java:40)
	at io.grpc.internal.CensusTracingModule$TracingClientInterceptor$1$1.onClose(CensusTracingModule.java:399)
	at io.grpc.internal.ClientCallImpl.closeObserver(ClientCallImpl.java:510)
	at io.grpc.internal.ClientCallImpl.access$300(ClientCallImpl.java:66)
	at io.grpc.internal.ClientCallImpl$ClientStreamListenerImpl.close(ClientCallImpl.java:630)
	at io.grpc.internal.ClientCallImpl$ClientStreamListenerImpl.access$700(ClientCallImpl.java:518)
	at io.grpc.internal.ClientCallImpl$ClientStreamListenerImpl$1StreamClosed.runInternal(ClientCallImpl.java:692)
	at io.grpc.internal.ClientCallImpl$ClientStreamListenerImpl$1StreamClosed.runInContext(ClientCallImpl.java:681)
	at io.grpc.internal.ContextRunnable.run(ContextRunnable.java:37)
	at io.grpc.internal.SerializingExecutor.run(SerializingExecutor.java:123)
	at java.util.concurrent.ThreadPoolExecutor.runWorker(ThreadPoolExecutor.java:1149)
	at java.util.concurrent.ThreadPoolExecutor$Worker.run(ThreadPoolExecutor.java:624)
	at java.lang.Thread.run(Thread.java:750)
ERROR	2022-07-07 22:50:32,102	4	org.hyperledger.fabric.sdk.Channel	[main]	getConfigBlock for channel mychannel failed with peer peer0.org1.example.com.  Status FAILURE, details: Channel Channel{id: 1, name: mychannel} Sending proposal with transaction: a0ac456ef7b78f55ec55b9ad1cff32b86b06bf0a9cd7dbf9a24b340e29050c2a to Peer{ id: 2, name: peer0.org1.example.com, channelName: mychannel, url: grpcs://localhost:7051, mspid: Org1MSP} failed because of: gRPC failure=Status{code=UNKNOWN, description=error validating proposal: access denied: channel [mychannel] creator org unknown, creator is malformed, cause=null}
org.hyperledger.fabric.sdk.exception.ProposalException: getConfigBlock for channel mychannel failed with peer peer0.org1.example.com.  Status FAILURE, details: Channel Channel{id: 1, name: mychannel} Sending proposal with transaction: a0ac456ef7b78f55ec55b9ad1cff32b86b06bf0a9cd7dbf9a24b340e29050c2a to Peer{ id: 2, name: peer0.org1.example.com, channelName: mychannel, url: grpcs://localhost:7051, mspid: Org1MSP} failed because of: gRPC failure=Status{code=UNKNOWN, description=error validating proposal: access denied: channel [mychannel] creator org unknown, creator is malformed, cause=null}
	at org.hyperledger.fabric.sdk.Channel.getConfigBlock(Channel.java:952)
	at org.hyperledger.fabric.sdk.Channel.getConfigBlock(Channel.java:907)
	at org.hyperledger.fabric.sdk.Channel.parseConfigBlock(Channel.java:1994)
	at org.hyperledger.fabric.sdk.Channel.loadCACertificates(Channel.java:1831)
	at org.hyperledger.fabric.sdk.Channel.initialize(Channel.java:1222)
	at org.hyperledger.fabric.gateway.impl.NetworkImpl.initializeChannel(NetworkImpl.java:59)
	at org.hyperledger.fabric.gateway.impl.NetworkImpl.<init>(NetworkImpl.java:50)
	at org.hyperledger.fabric.gateway.impl.GatewayImpl.getNetwork(GatewayImpl.java:252)
	at application.java.App.main(App.java:53)
ERROR	2022-07-07 22:50:32,272	174	org.hyperledger.fabric.sdk.ServiceDiscovery	[main]	Error access denied
ERROR	2022-07-07 22:51:04,175	0	org.hyperledger.fabric.sdk.Channel	[main]	Channel Channel{id: 1, name: mychannel} Sending proposal with transaction: ac12e2df9d37e706ef3b01ff23780ccae8affea5f64fdabf95207ae9dbad80bf to Peer{ id: 2, name: peer0.org1.example.com, channelName: mychannel, url: grpcs://localhost:7051, mspid: Org1MSP} failed because of: gRPC failure=Status{code=UNKNOWN, description=error validating proposal: access denied: channel [mychannel] creator org unknown, creator is malformed, cause=null}
java.lang.Exception: io.grpc.StatusRuntimeException: UNKNOWN: error validating proposal: access denied: channel [mychannel] creator org unknown, creator is malformed
	at org.hyperledger.fabric.sdk.Channel.sendProposalToPeers(Channel.java:4965)
	at org.hyperledger.fabric.sdk.Channel.sendProposalToPeers(Channel.java:4868)
	at org.hyperledger.fabric.sdk.Channel.getConfigBlock(Channel.java:941)
	at org.hyperledger.fabric.sdk.Channel.getConfigBlock(Channel.java:907)
	at org.hyperledger.fabric.sdk.Channel.parseConfigBlock(Channel.java:1994)
	at org.hyperledger.fabric.sdk.Channel.loadCACertificates(Channel.java:1831)
	at org.hyperledger.fabric.sdk.Channel.initialize(Channel.java:1222)
	at org.hyperledger.fabric.gateway.impl.NetworkImpl.initializeChannel(NetworkImpl.java:59)
	at org.hyperledger.fabric.gateway.impl.NetworkImpl.<init>(NetworkImpl.java:50)
	at org.hyperledger.fabric.gateway.impl.GatewayImpl.getNetwork(GatewayImpl.java:252)
	at application.java.App.main(App.java:53)
Caused by: io.grpc.StatusRuntimeException: UNKNOWN: error validating proposal: access denied: channel [mychannel] creator org unknown, creator is malformed
	at io.grpc.Status.asRuntimeException(Status.java:533)
	at io.grpc.stub.ClientCalls$UnaryStreamToFuture.onClose(ClientCalls.java:490)
	at io.grpc.PartialForwardingClientCallListener.onClose(PartialForwardingClientCallListener.java:39)
	at io.grpc.ForwardingClientCallListener.onClose(ForwardingClientCallListener.java:23)
	at io.grpc.ForwardingClientCallListener$SimpleForwardingClientCallListener.onClose(ForwardingClientCallListener.java:40)
	at io.grpc.internal.CensusStatsModule$StatsClientInterceptor$1$1.onClose(CensusStatsModule.java:700)
	at io.grpc.PartialForwardingClientCallListener.onClose(PartialForwardingClientCallListener.java:39)
	at io.grpc.ForwardingClientCallListener.onClose(ForwardingClientCallListener.java:23)
	at io.grpc.ForwardingClientCallListener$SimpleForwardingClientCallListener.onClose(ForwardingClientCallListener.java:40)
	at io.grpc.internal.CensusTracingModule$TracingClientInterceptor$1$1.onClose(CensusTracingModule.java:399)
	at io.grpc.internal.ClientCallImpl.closeObserver(ClientCallImpl.java:510)
	at io.grpc.internal.ClientCallImpl.access$300(ClientCallImpl.java:66)
	at io.grpc.internal.ClientCallImpl$ClientStreamListenerImpl.close(ClientCallImpl.java:630)
	at io.grpc.internal.ClientCallImpl$ClientStreamListenerImpl.access$700(ClientCallImpl.java:518)
	at io.grpc.internal.ClientCallImpl$ClientStreamListenerImpl$1StreamClosed.runInternal(ClientCallImpl.java:692)
	at io.grpc.internal.ClientCallImpl$ClientStreamListenerImpl$1StreamClosed.runInContext(ClientCallImpl.java:681)
	at io.grpc.internal.ContextRunnable.run(ContextRunnable.java:37)
	at io.grpc.internal.SerializingExecutor.run(SerializingExecutor.java:123)
	at java.util.concurrent.ThreadPoolExecutor.runWorker(ThreadPoolExecutor.java:1149)
	at java.util.concurrent.ThreadPoolExecutor$Worker.run(ThreadPoolExecutor.java:624)
	at java.lang.Thread.run(Thread.java:750)
ERROR	2022-07-07 22:51:04,178	3	org.hyperledger.fabric.sdk.Channel	[main]	getConfigBlock for channel mychannel failed with peer peer0.org1.example.com.  Status FAILURE, details: Channel Channel{id: 1, name: mychannel} Sending proposal with transaction: ac12e2df9d37e706ef3b01ff23780ccae8affea5f64fdabf95207ae9dbad80bf to Peer{ id: 2, name: peer0.org1.example.com, channelName: mychannel, url: grpcs://localhost:7051, mspid: Org1MSP} failed because of: gRPC failure=Status{code=UNKNOWN, description=error validating proposal: access denied: channel [mychannel] creator org unknown, creator is malformed, cause=null}
org.hyperledger.fabric.sdk.exception.ProposalException: getConfigBlock for channel mychannel failed with peer peer0.org1.example.com.  Status FAILURE, details: Channel Channel{id: 1, name: mychannel} Sending proposal with transaction: ac12e2df9d37e706ef3b01ff23780ccae8affea5f64fdabf95207ae9dbad80bf to Peer{ id: 2, name: peer0.org1.example.com, channelName: mychannel, url: grpcs://localhost:7051, mspid: Org1MSP} failed because of: gRPC failure=Status{code=UNKNOWN, description=error validating proposal: access denied: channel [mychannel] creator org unknown, creator is malformed, cause=null}
	at org.hyperledger.fabric.sdk.Channel.getConfigBlock(Channel.java:952)
	at org.hyperledger.fabric.sdk.Channel.getConfigBlock(Channel.java:907)
	at org.hyperledger.fabric.sdk.Channel.parseConfigBlock(Channel.java:1994)
	at org.hyperledger.fabric.sdk.Channel.loadCACertificates(Channel.java:1831)
	at org.hyperledger.fabric.sdk.Channel.initialize(Channel.java:1222)
	at org.hyperledger.fabric.gateway.impl.NetworkImpl.initializeChannel(NetworkImpl.java:59)
	at org.hyperledger.fabric.gateway.impl.NetworkImpl.<init>(NetworkImpl.java:50)
	at org.hyperledger.fabric.gateway.impl.GatewayImpl.getNetwork(GatewayImpl.java:252)
	at application.java.App.main(App.java:53)
ERROR	2022-07-07 22:51:04,341	166	org.hyperledger.fabric.sdk.ServiceDiscovery	[main]	Error access denied
ERROR	2022-07-07 22:53:43,546	1	org.hyperledger.fabric.gateway.impl.TransactionImpl	[main]	No valid proposal responses received. 2 peer error responses: Record 1 already exists; Record 1 already exists
ERROR	2022-07-07 22:53:56,801	0	org.hyperledger.fabric.gateway.impl.TransactionImpl	[main]	No valid proposal responses received. 2 peer error responses: Record 1 already exists; Record 1 already exists
ERROR	2022-07-08 01:09:49,002	0	org.hyperledger.fabric.sdk.Channel	[main]	Channel Channel{id: 1, name: mychannel} Sending proposal with transaction: 604191587c33999d396b8e4f897b4bb4f73900bbade5b2dbae63bb41c9ecaaa8 to Peer{ id: 2, name: peer0.org1.example.com, channelName: mychannel, url: grpcs://localhost:7051, mspid: Org1MSP} failed because of: gRPC failure=Status{code=UNKNOWN, description=error validating proposal: access denied: channel [mychannel] creator org unknown, creator is malformed, cause=null}
java.lang.Exception: io.grpc.StatusRuntimeException: UNKNOWN: error validating proposal: access denied: channel [mychannel] creator org unknown, creator is malformed
	at org.hyperledger.fabric.sdk.Channel.sendProposalToPeers(Channel.java:4965)
	at org.hyperledger.fabric.sdk.Channel.sendProposalToPeers(Channel.java:4868)
	at org.hyperledger.fabric.sdk.Channel.getConfigBlock(Channel.java:941)
	at org.hyperledger.fabric.sdk.Channel.getConfigBlock(Channel.java:907)
	at org.hyperledger.fabric.sdk.Channel.parseConfigBlock(Channel.java:1994)
	at org.hyperledger.fabric.sdk.Channel.loadCACertificates(Channel.java:1831)
	at org.hyperledger.fabric.sdk.Channel.initialize(Channel.java:1222)
	at org.hyperledger.fabric.gateway.impl.NetworkImpl.initializeChannel(NetworkImpl.java:59)
	at org.hyperledger.fabric.gateway.impl.NetworkImpl.<init>(NetworkImpl.java:50)
	at org.hyperledger.fabric.gateway.impl.GatewayImpl.getNetwork(GatewayImpl.java:252)
	at application.java.App.main(App.java:56)
Caused by: io.grpc.StatusRuntimeException: UNKNOWN: error validating proposal: access denied: channel [mychannel] creator org unknown, creator is malformed
	at io.grpc.Status.asRuntimeException(Status.java:533)
	at io.grpc.stub.ClientCalls$UnaryStreamToFuture.onClose(ClientCalls.java:490)
	at io.grpc.PartialForwardingClientCallListener.onClose(PartialForwardingClientCallListener.java:39)
	at io.grpc.ForwardingClientCallListener.onClose(ForwardingClientCallListener.java:23)
	at io.grpc.ForwardingClientCallListener$SimpleForwardingClientCallListener.onClose(ForwardingClientCallListener.java:40)
	at io.grpc.internal.CensusStatsModule$StatsClientInterceptor$1$1.onClose(CensusStatsModule.java:700)
	at io.grpc.PartialForwardingClientCallListener.onClose(PartialForwardingClientCallListener.java:39)
	at io.grpc.ForwardingClientCallListener.onClose(ForwardingClientCallListener.java:23)
	at io.grpc.ForwardingClientCallListener$SimpleForwardingClientCallListener.onClose(ForwardingClientCallListener.java:40)
	at io.grpc.internal.CensusTracingModule$TracingClientInterceptor$1$1.onClose(CensusTracingModule.java:399)
	at io.grpc.internal.ClientCallImpl.closeObserver(ClientCallImpl.java:510)
	at io.grpc.internal.ClientCallImpl.access$300(ClientCallImpl.java:66)
	at io.grpc.internal.ClientCallImpl$ClientStreamListenerImpl.close(ClientCallImpl.java:630)
	at io.grpc.internal.ClientCallImpl$ClientStreamListenerImpl.access$700(ClientCallImpl.java:518)
	at io.grpc.internal.ClientCallImpl$ClientStreamListenerImpl$1StreamClosed.runInternal(ClientCallImpl.java:692)
	at io.grpc.internal.ClientCallImpl$ClientStreamListenerImpl$1StreamClosed.runInContext(ClientCallImpl.java:681)
	at io.grpc.internal.ContextRunnable.run(ContextRunnable.java:37)
	at io.grpc.internal.SerializingExecutor.run(SerializingExecutor.java:123)
	at java.util.concurrent.ThreadPoolExecutor.runWorker(ThreadPoolExecutor.java:1149)
	at java.util.concurrent.ThreadPoolExecutor$Worker.run(ThreadPoolExecutor.java:624)
	at java.lang.Thread.run(Thread.java:750)
ERROR	2022-07-08 01:09:49,006	4	org.hyperledger.fabric.sdk.Channel	[main]	getConfigBlock for channel mychannel failed with peer peer0.org1.example.com.  Status FAILURE, details: Channel Channel{id: 1, name: mychannel} Sending proposal with transaction: 604191587c33999d396b8e4f897b4bb4f73900bbade5b2dbae63bb41c9ecaaa8 to Peer{ id: 2, name: peer0.org1.example.com, channelName: mychannel, url: grpcs://localhost:7051, mspid: Org1MSP} failed because of: gRPC failure=Status{code=UNKNOWN, description=error validating proposal: access denied: channel [mychannel] creator org unknown, creator is malformed, cause=null}
org.hyperledger.fabric.sdk.exception.ProposalException: getConfigBlock for channel mychannel failed with peer peer0.org1.example.com.  Status FAILURE, details: Channel Channel{id: 1, name: mychannel} Sending proposal with transaction: 604191587c33999d396b8e4f897b4bb4f73900bbade5b2dbae63bb41c9ecaaa8 to Peer{ id: 2, name: peer0.org1.example.com, channelName: mychannel, url: grpcs://localhost:7051, mspid: Org1MSP} failed because of: gRPC failure=Status{code=UNKNOWN, description=error validating proposal: access denied: channel [mychannel] creator org unknown, creator is malformed, cause=null}
	at org.hyperledger.fabric.sdk.Channel.getConfigBlock(Channel.java:952)
	at org.hyperledger.fabric.sdk.Channel.getConfigBlock(Channel.java:907)
	at org.hyperledger.fabric.sdk.Channel.parseConfigBlock(Channel.java:1994)
	at org.hyperledger.fabric.sdk.Channel.loadCACertificates(Channel.java:1831)
	at org.hyperledger.fabric.sdk.Channel.initialize(Channel.java:1222)
	at org.hyperledger.fabric.gateway.impl.NetworkImpl.initializeChannel(NetworkImpl.java:59)
	at org.hyperledger.fabric.gateway.impl.NetworkImpl.<init>(NetworkImpl.java:50)
	at org.hyperledger.fabric.gateway.impl.GatewayImpl.getNetwork(GatewayImpl.java:252)
	at application.java.App.main(App.java:56)
ERROR	2022-07-08 01:10:09,310	20308	org.hyperledger.fabric.sdk.Channel	[main]	Channel Channel{id: 1, name: mychannel} Sending proposal with transaction: 3da718c3a1e94404d8e91f8b2510be189e2d1baa17149510ec4ba2e5772f96a3 to Peer{ id: 2, name: peer0.org1.example.com, channelName: mychannel, url: grpcs://localhost:7051, mspid: Org1MSP} failed because of: gRPC failure=Status{code=UNKNOWN, description=error validating proposal: access denied: channel [mychannel] creator org unknown, creator is malformed, cause=null}
java.lang.Exception: io.grpc.StatusRuntimeException: UNKNOWN: error validating proposal: access denied: channel [mychannel] creator org unknown, creator is malformed
	at org.hyperledger.fabric.sdk.Channel.sendProposalToPeers(Channel.java:4965)
	at org.hyperledger.fabric.sdk.Channel.sendProposalToPeers(Channel.java:4868)
	at org.hyperledger.fabric.sdk.Channel.getConfigBlock(Channel.java:941)
	at org.hyperledger.fabric.sdk.Channel.getConfigBlock(Channel.java:907)
	at org.hyperledger.fabric.sdk.Channel.parseConfigBlock(Channel.java:1994)
	at org.hyperledger.fabric.sdk.Channel.loadCACertificates(Channel.java:1831)
	at org.hyperledger.fabric.sdk.Channel.sendProposalToPeers(Channel.java:4881)
	at org.hyperledger.fabric.sdk.Channel.sendProposalToPeers(Channel.java:4868)
	at org.hyperledger.fabric.sdk.Channel.sendProposal(Channel.java:4844)
	at org.hyperledger.fabric.sdk.Channel.queryByChaincode(Channel.java:4762)
	at org.hyperledger.fabric.gateway.impl.query.QueryImpl.evaluate(QueryImpl.java:35)
	at org.hyperledger.fabric.gateway.impl.query.SingleQueryHandler.evaluate(SingleQueryHandler.java:43)
	at org.hyperledger.fabric.gateway.impl.TransactionImpl.evaluate(TransactionImpl.java:207)
	at org.hyperledger.fabric.gateway.impl.ContractImpl.evaluateTransaction(ContractImpl.java:55)
	at application.java.App.main(App.java:72)
Caused by: io.grpc.StatusRuntimeException: UNKNOWN: error validating proposal: access denied: channel [mychannel] creator org unknown, creator is malformed
	at io.grpc.Status.asRuntimeException(Status.java:533)
	at io.grpc.stub.ClientCalls$UnaryStreamToFuture.onClose(ClientCalls.java:490)
	at io.grpc.PartialForwardingClientCallListener.onClose(PartialForwardingClientCallListener.java:39)
	at io.grpc.ForwardingClientCallListener.onClose(ForwardingClientCallListener.java:23)
	at io.grpc.ForwardingClientCallListener$SimpleForwardingClientCallListener.onClose(ForwardingClientCallListener.java:40)
	at io.grpc.internal.CensusStatsModule$StatsClientInterceptor$1$1.onClose(CensusStatsModule.java:700)
	at io.grpc.PartialForwardingClientCallListener.onClose(PartialForwardingClientCallListener.java:39)
	at io.grpc.ForwardingClientCallListener.onClose(ForwardingClientCallListener.java:23)
	at io.grpc.ForwardingClientCallListener$SimpleForwardingClientCallListener.onClose(ForwardingClientCallListener.java:40)
	at io.grpc.internal.CensusTracingModule$TracingClientInterceptor$1$1.onClose(CensusTracingModule.java:399)
	at io.grpc.internal.ClientCallImpl.closeObserver(ClientCallImpl.java:510)
	at io.grpc.internal.ClientCallImpl.access$300(ClientCallImpl.java:66)
	at io.grpc.internal.ClientCallImpl$ClientStreamListenerImpl.close(ClientCallImpl.java:630)
	at io.grpc.internal.ClientCallImpl$ClientStreamListenerImpl.access$700(ClientCallImpl.java:518)
	at io.grpc.internal.ClientCallImpl$ClientStreamListenerImpl$1StreamClosed.runInternal(ClientCallImpl.java:692)
	at io.grpc.internal.ClientCallImpl$ClientStreamListenerImpl$1StreamClosed.runInContext(ClientCallImpl.java:681)
	at io.grpc.internal.ContextRunnable.run(ContextRunnable.java:37)
	at io.grpc.internal.SerializingExecutor.run(SerializingExecutor.java:123)
	at java.util.concurrent.ThreadPoolExecutor.runWorker(ThreadPoolExecutor.java:1149)
	at java.util.concurrent.ThreadPoolExecutor$Worker.run(ThreadPoolExecutor.java:624)
	at java.lang.Thread.run(Thread.java:750)
ERROR	2022-07-08 01:10:09,312	20310	org.hyperledger.fabric.sdk.Channel	[main]	getConfigBlock for channel mychannel failed with peer peer0.org1.example.com.  Status FAILURE, details: Channel Channel{id: 1, name: mychannel} Sending proposal with transaction: 3da718c3a1e94404d8e91f8b2510be189e2d1baa17149510ec4ba2e5772f96a3 to Peer{ id: 2, name: peer0.org1.example.com, channelName: mychannel, url: grpcs://localhost:7051, mspid: Org1MSP} failed because of: gRPC failure=Status{code=UNKNOWN, description=error validating proposal: access denied: channel [mychannel] creator org unknown, creator is malformed, cause=null}
org.hyperledger.fabric.sdk.exception.ProposalException: getConfigBlock for channel mychannel failed with peer peer0.org1.example.com.  Status FAILURE, details: Channel Channel{id: 1, name: mychannel} Sending proposal with transaction: 3da718c3a1e94404d8e91f8b2510be189e2d1baa17149510ec4ba2e5772f96a3 to Peer{ id: 2, name: peer0.org1.example.com, channelName: mychannel, url: grpcs://localhost:7051, mspid: Org1MSP} failed because of: gRPC failure=Status{code=UNKNOWN, description=error validating proposal: access denied: channel [mychannel] creator org unknown, creator is malformed, cause=null}
	at org.hyperledger.fabric.sdk.Channel.getConfigBlock(Channel.java:952)
	at org.hyperledger.fabric.sdk.Channel.getConfigBlock(Channel.java:907)
	at org.hyperledger.fabric.sdk.Channel.parseConfigBlock(Channel.java:1994)
	at org.hyperledger.fabric.sdk.Channel.loadCACertificates(Channel.java:1831)
	at org.hyperledger.fabric.sdk.Channel.sendProposalToPeers(Channel.java:4881)
	at org.hyperledger.fabric.sdk.Channel.sendProposalToPeers(Channel.java:4868)
	at org.hyperledger.fabric.sdk.Channel.sendProposal(Channel.java:4844)
	at org.hyperledger.fabric.sdk.Channel.queryByChaincode(Channel.java:4762)
	at org.hyperledger.fabric.gateway.impl.query.QueryImpl.evaluate(QueryImpl.java:35)
	at org.hyperledger.fabric.gateway.impl.query.SingleQueryHandler.evaluate(SingleQueryHandler.java:43)
	at org.hyperledger.fabric.gateway.impl.TransactionImpl.evaluate(TransactionImpl.java:207)
	at org.hyperledger.fabric.gateway.impl.ContractImpl.evaluateTransaction(ContractImpl.java:55)
	at application.java.App.main(App.java:72)
